Arguments: 
  /opt/homebrew/Cellar/node/15.5.0/bin/node /opt/homebrew/Cellar/yarn/1.22.10/libexec/bin/yarn.js start

PATH: 
  /opt/homebrew/bin:/Library/Frameworks/Python.framework/Versions/3.9/bin:/usr/local/bin:/Applications/Visual Studio Code.app/Contents/Resources/app/bin:/usr/bin:/bin:/usr/sbin:/sbin:/usr/local/share/dotnet:~/.dotnet/tools:/Library/Apple/usr/bin:/Library/Frameworks/Mono.framework/Versions/Current/Commands:/opt/homebrew/bin:/Library/Frameworks/Python.framework/Versions/3.9/bin

Yarn version: 
  1.22.10

Node version: 
  15.5.0

Platform: 
  darwin arm64

Trace: 
  SyntaxError: /Users/mbruty/Documents/swgoh-tw/api/package.json: Unexpected token } in JSON at position 137
      at JSON.parse (<anonymous>)
      at /opt/homebrew/Cellar/yarn/1.22.10/libexec/lib/cli.js:1625:59
      at Generator.next (<anonymous>)
      at step (/opt/homebrew/Cellar/yarn/1.22.10/libexec/lib/cli.js:310:30)
      at /opt/homebrew/Cellar/yarn/1.22.10/libexec/lib/cli.js:321:13

npm manifest: 
  {
    "name": "api",
    "version": "1.0.0",
    "main": "index.js",
    "license": "MIT",
    "scripts": {
      "start": "nodemon src/index.ts",
    }
  }

yarn manifest: 
  No manifest

Lockfile: 
  No lockfile
